
*** Running vivado
    with args -log au_top.vds -m64 -product Vivado -mode batch -messageDb vivado.pb -notrace -source au_top.tcl



****** Vivado v2021.2 (64-bit)
  **** SW Build 3367213 on Tue Oct 19 02:48:09 MDT 2021
  **** IP Build 3369179 on Thu Oct 21 08:25:16 MDT 2021
    ** Copyright 1986-2021 Xilinx, Inc. All Rights Reserved.

source au_top.tcl -notrace
Command: read_checkpoint -auto_incremental -incremental C:/Users/Rahul/Documents/alchitry/vivado_fpga/au_base_project.srcs/utils_1/imports/synth_1/au_top.dcp
INFO: [Vivado 12-5825] Read reference checkpoint from C:/Users/Rahul/Documents/alchitry/vivado_fpga/au_base_project.srcs/utils_1/imports/synth_1/au_top.dcp for incremental synthesis
INFO: [Vivado 12-7989] Please ensure there are no constraint changes
Command: synth_design -top au_top -part xc7a35tftg256-1
Starting synth_design
Attempting to get a license for feature 'Synthesis' and/or device 'xc7a35t'
INFO: [Common 17-349] Got license for feature 'Synthesis' and/or device 'xc7a35t'
INFO: [Device 21-403] Loading part xc7a35tftg256-1
WARNING: [Designutils 20-4072] Reference run did not run incremental synthesis because the design is too small; reverting to default synthesis
INFO: [Designutils 20-4379] Flow is switching to default flow due to incremental criteria not met. If you would like to alter this behaviour and have the flow terminate instead, please set the following parameter config_implementation {autoIncr.Synth.RejectBehavior Terminate}
INFO: [Synth 8-7079] Multithreading enabled for synth_design using a maximum of 2 processes.
INFO: [Synth 8-7078] Launching helper process for spawning children vivado processes
INFO: [Synth 8-7075] Helper process launched with PID 27632
---------------------------------------------------------------------------------
Starting RTL Elaboration : Time (s): cpu = 00:00:04 ; elapsed = 00:00:04 . Memory (MB): peak = 1242.887 ; gain = 0.000
---------------------------------------------------------------------------------
INFO: [Synth 8-6157] synthesizing module 'au_top' [C:/Users/Rahul/Documents/alchitry/vivado_fpga/au_base_project.srcs/sources_1/new/au_top.v:28]
WARNING: [Synth 8-4446] all outputs are unconnected for this instance and logic may be removed [C:/Users/Rahul/Documents/alchitry/vivado_fpga/au_base_project.srcs/sources_1/new/au_top.v:49]
INFO: [Synth 8-6157] synthesizing module 'seven_segment' [C:/Users/Rahul/Documents/alchitry/vivado_fpga/au_base_project.srcs/sources_1/new/au_top.v:1]
INFO: [Synth 8-6155] done synthesizing module 'seven_segment' (1#1) [C:/Users/Rahul/Documents/alchitry/vivado_fpga/au_base_project.srcs/sources_1/new/au_top.v:1]
WARNING: [Synth 8-7071] port 'segments' of module 'seven_segment' is unconnected for instance 'display_encoder' [C:/Users/Rahul/Documents/alchitry/vivado_fpga/au_base_project.srcs/sources_1/new/au_top.v:49]
WARNING: [Synth 8-7023] instance 'display_encoder' of module 'seven_segment' has 2 connections declared, but only 1 given [C:/Users/Rahul/Documents/alchitry/vivado_fpga/au_base_project.srcs/sources_1/new/au_top.v:49]
INFO: [Synth 8-6157] synthesizing module 'reset_conditioner' [C:/Users/Rahul/Documents/alchitry/vivado_fpga/au_base_project.srcs/sources_1/new/reset_conditioner.v:5]
INFO: [Synth 8-6155] done synthesizing module 'reset_conditioner' (2#1) [C:/Users/Rahul/Documents/alchitry/vivado_fpga/au_base_project.srcs/sources_1/new/reset_conditioner.v:5]
WARNING: [Synth 8-6014] Unused sequential element change_reg was removed.  [C:/Users/Rahul/Documents/alchitry/vivado_fpga/au_base_project.srcs/sources_1/new/au_top.v:72]
WARNING: [Synth 8-7137] Register number_reg in module au_top has both Set and reset with same priority. This may cause simulation mismatches. Consider rewriting code  [C:/Users/Rahul/Documents/alchitry/vivado_fpga/au_base_project.srcs/sources_1/new/au_top.v:53]
INFO: [Synth 8-6155] done synthesizing module 'au_top' (3#1) [C:/Users/Rahul/Documents/alchitry/vivado_fpga/au_base_project.srcs/sources_1/new/au_top.v:28]
WARNING: [Synth 8-7129] Port io_led[23] in module au_top is either unconnected or has no load
WARNING: [Synth 8-7129] Port io_led[22] in module au_top is either unconnected or has no load
WARNING: [Synth 8-7129] Port io_led[21] in module au_top is either unconnected or has no load
WARNING: [Synth 8-7129] Port io_led[20] in module au_top is either unconnected or has no load
WARNING: [Synth 8-7129] Port io_led[19] in module au_top is either unconnected or has no load
WARNING: [Synth 8-7129] Port io_led[18] in module au_top is either unconnected or has no load
WARNING: [Synth 8-7129] Port io_led[17] in module au_top is either unconnected or has no load
WARNING: [Synth 8-7129] Port io_led[16] in module au_top is either unconnected or has no load
WARNING: [Synth 8-7129] Port io_led[15] in module au_top is either unconnected or has no load
WARNING: [Synth 8-7129] Port io_led[14] in module au_top is either unconnected or has no load
WARNING: [Synth 8-7129] Port io_button[4] in module au_top is either unconnected or has no load
WARNING: [Synth 8-7129] Port io_button[3] in module au_top is either unconnected or has no load
WARNING: [Synth 8-7129] Port io_button[2] in module au_top is either unconnected or has no load
WARNING: [Synth 8-7129] Port io_button[1] in module au_top is either unconnected or has no load
WARNING: [Synth 8-7129] Port io_button[0] in module au_top is either unconnected or has no load
WARNING: [Synth 8-7129] Port io_dip[23] in module au_top is either unconnected or has no load
WARNING: [Synth 8-7129] Port io_dip[22] in module au_top is either unconnected or has no load
WARNING: [Synth 8-7129] Port io_dip[21] in module au_top is either unconnected or has no load
WARNING: [Synth 8-7129] Port io_dip[20] in module au_top is either unconnected or has no load
WARNING: [Synth 8-7129] Port io_dip[19] in module au_top is either unconnected or has no load
WARNING: [Synth 8-7129] Port io_dip[18] in module au_top is either unconnected or has no load
WARNING: [Synth 8-7129] Port io_dip[17] in module au_top is either unconnected or has no load
WARNING: [Synth 8-7129] Port io_dip[16] in module au_top is either unconnected or has no load
WARNING: [Synth 8-7129] Port io_dip[15] in module au_top is either unconnected or has no load
WARNING: [Synth 8-7129] Port io_dip[14] in module au_top is either unconnected or has no load
WARNING: [Synth 8-7129] Port io_dip[13] in module au_top is either unconnected or has no load
WARNING: [Synth 8-7129] Port io_dip[12] in module au_top is either unconnected or has no load
WARNING: [Synth 8-7129] Port io_dip[11] in module au_top is either unconnected or has no load
WARNING: [Synth 8-7129] Port io_dip[10] in module au_top is either unconnected or has no load
WARNING: [Synth 8-7129] Port io_dip[9] in module au_top is either unconnected or has no load
WARNING: [Synth 8-7129] Port io_dip[8] in module au_top is either unconnected or has no load
WARNING: [Synth 8-7129] Port io_dip[7] in module au_top is either unconnected or has no load
WARNING: [Synth 8-7129] Port io_dip[6] in module au_top is either unconnected or has no load
WARNING: [Synth 8-7129] Port io_dip[5] in module au_top is either unconnected or has no load
WARNING: [Synth 8-7129] Port io_dip[4] in module au_top is either unconnected or has no load
WARNING: [Synth 8-7129] Port io_dip[3] in module au_top is either unconnected or has no load
WARNING: [Synth 8-7129] Port io_dip[2] in module au_top is either unconnected or has no load
WARNING: [Synth 8-7129] Port io_dip[1] in module au_top is either unconnected or has no load
WARNING: [Synth 8-7129] Port io_dip[0] in module au_top is either unconnected or has no load
---------------------------------------------------------------------------------
Finished RTL Elaboration : Time (s): cpu = 00:00:05 ; elapsed = 00:00:05 . Memory (MB): peak = 1242.887 ; gain = 0.000
---------------------------------------------------------------------------------
---------------------------------------------------------------------------------
Start Handling Custom Attributes
---------------------------------------------------------------------------------
---------------------------------------------------------------------------------
Finished Handling Custom Attributes : Time (s): cpu = 00:00:06 ; elapsed = 00:00:05 . Memory (MB): peak = 1242.887 ; gain = 0.000
---------------------------------------------------------------------------------
---------------------------------------------------------------------------------
Finished RTL Optimization Phase 1 : Time (s): cpu = 00:00:06 ; elapsed = 00:00:05 . Memory (MB): peak = 1242.887 ; gain = 0.000
---------------------------------------------------------------------------------
Netlist sorting complete. Time (s): cpu = 00:00:00 ; elapsed = 00:00:00.003 . Memory (MB): peak = 1242.887 ; gain = 0.000
INFO: [Project 1-570] Preparing netlist for logic optimization

Processing XDC Constraints
Initializing timing engine
Parsing XDC File [C:/Users/Rahul/Documents/alchitry/vivado_fpga/au_base_project.srcs/constrs_1/new/au.xdc]
Finished Parsing XDC File [C:/Users/Rahul/Documents/alchitry/vivado_fpga/au_base_project.srcs/constrs_1/new/au.xdc]
INFO: [Project 1-236] Implementation specific constraints were found while reading constraint file [C:/Users/Rahul/Documents/alchitry/vivado_fpga/au_base_project.srcs/constrs_1/new/au.xdc]. These constraints will be ignored for synthesis but will be used in implementation. Impacted constraints are listed in the file [.Xil/au_top_propImpl.xdc].
Resolution: To avoid this warning, move constraints listed in [.Xil/au_top_propImpl.xdc] to another XDC file and exclude this new file from synthesis with the used_in_synthesis property (File Properties dialog in GUI) and re-run elaboration/synthesis.
Parsing XDC File [C:/Users/Rahul/Documents/alchitry/vivado_fpga/au_base_project.srcs/constrs_1/new/io.xdc]
Finished Parsing XDC File [C:/Users/Rahul/Documents/alchitry/vivado_fpga/au_base_project.srcs/constrs_1/new/io.xdc]
INFO: [Project 1-236] Implementation specific constraints were found while reading constraint file [C:/Users/Rahul/Documents/alchitry/vivado_fpga/au_base_project.srcs/constrs_1/new/io.xdc]. These constraints will be ignored for synthesis but will be used in implementation. Impacted constraints are listed in the file [.Xil/au_top_propImpl.xdc].
Resolution: To avoid this warning, move constraints listed in [.Xil/au_top_propImpl.xdc] to another XDC file and exclude this new file from synthesis with the used_in_synthesis property (File Properties dialog in GUI) and re-run elaboration/synthesis.
Completed Processing XDC Constraints

Netlist sorting complete. Time (s): cpu = 00:00:00 ; elapsed = 00:00:00 . Memory (MB): peak = 1242.887 ; gain = 0.000
INFO: [Project 1-111] Unisim Transformation Summary:
No Unisim elements were transformed.

Constraint Validation Runtime : Time (s): cpu = 00:00:00 ; elapsed = 00:00:00.002 . Memory (MB): peak = 1242.887 ; gain = 0.000
WARNING: [Designutils 20-4072] Reference run did not run incremental synthesis because the design is too small; reverting to default synthesis
INFO: [Designutils 20-4379] Flow is switching to default flow due to incremental criteria not met. If you would like to alter this behaviour and have the flow terminate instead, please set the following parameter config_implementation {autoIncr.Synth.RejectBehavior Terminate}
---------------------------------------------------------------------------------
Finished Constraint Validation : Time (s): cpu = 00:00:11 ; elapsed = 00:00:11 . Memory (MB): peak = 1242.887 ; gain = 0.000
---------------------------------------------------------------------------------
---------------------------------------------------------------------------------
Start Loading Part and Timing Information
---------------------------------------------------------------------------------
Loading part: xc7a35tftg256-1
---------------------------------------------------------------------------------
Finished Loading Part and Timing Information : Time (s): cpu = 00:00:11 ; elapsed = 00:00:11 . Memory (MB): peak = 1242.887 ; gain = 0.000
---------------------------------------------------------------------------------
---------------------------------------------------------------------------------
Start Applying 'set_property' XDC Constraints
---------------------------------------------------------------------------------
---------------------------------------------------------------------------------
Finished applying 'set_property' XDC Constraints : Time (s): cpu = 00:00:11 ; elapsed = 00:00:11 . Memory (MB): peak = 1242.887 ; gain = 0.000
---------------------------------------------------------------------------------
---------------------------------------------------------------------------------
Finished RTL Optimization Phase 2 : Time (s): cpu = 00:00:11 ; elapsed = 00:00:11 . Memory (MB): peak = 1242.887 ; gain = 0.000
---------------------------------------------------------------------------------
---------------------------------------------------------------------------------
Start RTL Component Statistics 
---------------------------------------------------------------------------------
Detailed RTL Component Info : 
+---Adders : 
	   2 Input   38 Bit       Adders := 1     
	   2 Input    4 Bit       Adders := 4     
+---Registers : 
	               38 Bit    Registers := 1     
	               16 Bit    Registers := 1     
	               14 Bit    Registers := 1     
	                4 Bit    Registers := 2     
	                2 Bit    Registers := 1     
+---Muxes : 
	   2 Input   38 Bit        Muxes := 1     
	   2 Input   16 Bit        Muxes := 6     
	   2 Input   14 Bit        Muxes := 1     
	   4 Input    4 Bit        Muxes := 1     
---------------------------------------------------------------------------------
Finished RTL Component Statistics 
---------------------------------------------------------------------------------
---------------------------------------------------------------------------------
Start Part Resource Summary
---------------------------------------------------------------------------------
Part Resources:
DSPs: 90 (col length:60)
BRAMs: 100 (col length: RAMB18 60 RAMB36 30)
---------------------------------------------------------------------------------
Finished Part Resource Summary
---------------------------------------------------------------------------------
---------------------------------------------------------------------------------
Start Cross Boundary and Area Optimization
---------------------------------------------------------------------------------
WARNING: [Synth 8-7080] Parallel synthesis criteria is not met
WARNING: [Synth 8-7129] Port io_led[23] in module au_top is either unconnected or has no load
WARNING: [Synth 8-7129] Port io_led[22] in module au_top is either unconnected or has no load
WARNING: [Synth 8-7129] Port io_led[21] in module au_top is either unconnected or has no load
WARNING: [Synth 8-7129] Port io_led[20] in module au_top is either unconnected or has no load
WARNING: [Synth 8-7129] Port io_led[19] in module au_top is either unconnected or has no load
WARNING: [Synth 8-7129] Port io_led[18] in module au_top is either unconnected or has no load
WARNING: [Synth 8-7129] Port io_led[17] in module au_top is either unconnected or has no load
WARNING: [Synth 8-7129] Port io_led[16] in module au_top is either unconnected or has no load
WARNING: [Synth 8-7129] Port io_led[15] in module au_top is either unconnected or has no load
WARNING: [Synth 8-7129] Port io_led[14] in module au_top is either unconnected or has no load
WARNING: [Synth 8-7129] Port io_button[4] in module au_top is either unconnected or has no load
WARNING: [Synth 8-7129] Port io_button[3] in module au_top is either unconnected or has no load
WARNING: [Synth 8-7129] Port io_button[2] in module au_top is either unconnected or has no load
WARNING: [Synth 8-7129] Port io_button[1] in module au_top is either unconnected or has no load
WARNING: [Synth 8-7129] Port io_button[0] in module au_top is either unconnected or has no load
WARNING: [Synth 8-7129] Port io_dip[23] in module au_top is either unconnected or has no load
WARNING: [Synth 8-7129] Port io_dip[22] in module au_top is either unconnected or has no load
WARNING: [Synth 8-7129] Port io_dip[21] in module au_top is either unconnected or has no load
WARNING: [Synth 8-7129] Port io_dip[20] in module au_top is either unconnected or has no load
WARNING: [Synth 8-7129] Port io_dip[19] in module au_top is either unconnected or has no load
WARNING: [Synth 8-7129] Port io_dip[18] in module au_top is either unconnected or has no load
WARNING: [Synth 8-7129] Port io_dip[17] in module au_top is either unconnected or has no load
WARNING: [Synth 8-7129] Port io_dip[16] in module au_top is either unconnected or has no load
WARNING: [Synth 8-7129] Port io_dip[15] in module au_top is either unconnected or has no load
WARNING: [Synth 8-7129] Port io_dip[14] in module au_top is either unconnected or has no load
WARNING: [Synth 8-7129] Port io_dip[13] in module au_top is either unconnected or has no load
WARNING: [Synth 8-7129] Port io_dip[12] in module au_top is either unconnected or has no load
WARNING: [Synth 8-7129] Port io_dip[11] in module au_top is either unconnected or has no load
WARNING: [Synth 8-7129] Port io_dip[10] in module au_top is either unconnected or has no load
WARNING: [Synth 8-7129] Port io_dip[9] in module au_top is either unconnected or has no load
WARNING: [Synth 8-7129] Port io_dip[8] in module au_top is either unconnected or has no load
WARNING: [Synth 8-7129] Port io_dip[7] in module au_top is either unconnected or has no load
WARNING: [Synth 8-7129] Port io_dip[6] in module au_top is either unconnected or has no load
WARNING: [Synth 8-7129] Port io_dip[5] in module au_top is either unconnected or has no load
WARNING: [Synth 8-7129] Port io_dip[4] in module au_top is either unconnected or has no load
WARNING: [Synth 8-7129] Port io_dip[3] in module au_top is either unconnected or has no load
WARNING: [Synth 8-7129] Port io_dip[2] in module au_top is either unconnected or has no load
WARNING: [Synth 8-7129] Port io_dip[1] in module au_top is either unconnected or has no load
WARNING: [Synth 8-7129] Port io_dip[0] in module au_top is either unconnected or has no load
---------------------------------------------------------------------------------
Finished Cross Boundary and Area Optimization : Time (s): cpu = 00:00:13 ; elapsed = 00:00:13 . Memory (MB): peak = 1242.887 ; gain = 0.000
---------------------------------------------------------------------------------
---------------------------------------------------------------------------------
Start Applying XDC Timing Constraints
---------------------------------------------------------------------------------
---------------------------------------------------------------------------------
Finished Applying XDC Timing Constraints : Time (s): cpu = 00:00:18 ; elapsed = 00:00:18 . Memory (MB): peak = 1242.887 ; gain = 0.000
---------------------------------------------------------------------------------
---------------------------------------------------------------------------------
Start Timing Optimization
---------------------------------------------------------------------------------
---------------------------------------------------------------------------------
Finished Timing Optimization : Time (s): cpu = 00:00:18 ; elapsed = 00:00:18 . Memory (MB): peak = 1242.887 ; gain = 0.000
---------------------------------------------------------------------------------
---------------------------------------------------------------------------------
Start Technology Mapping
---------------------------------------------------------------------------------
---------------------------------------------------------------------------------
Finished Technology Mapping : Time (s): cpu = 00:00:18 ; elapsed = 00:00:19 . Memory (MB): peak = 1242.887 ; gain = 0.000
---------------------------------------------------------------------------------
---------------------------------------------------------------------------------
Start IO Insertion
---------------------------------------------------------------------------------
---------------------------------------------------------------------------------
Start Flattening Before IO Insertion
---------------------------------------------------------------------------------
---------------------------------------------------------------------------------
Finished Flattening Before IO Insertion
---------------------------------------------------------------------------------
---------------------------------------------------------------------------------
Start Final Netlist Cleanup
---------------------------------------------------------------------------------
---------------------------------------------------------------------------------
Finished Final Netlist Cleanup
---------------------------------------------------------------------------------
---------------------------------------------------------------------------------
Finished IO Insertion : Time (s): cpu = 00:00:22 ; elapsed = 00:00:22 . Memory (MB): peak = 1242.887 ; gain = 0.000
---------------------------------------------------------------------------------
---------------------------------------------------------------------------------
Start Renaming Generated Instances
---------------------------------------------------------------------------------
---------------------------------------------------------------------------------
Finished Renaming Generated Instances : Time (s): cpu = 00:00:22 ; elapsed = 00:00:22 . Memory (MB): peak = 1242.887 ; gain = 0.000
---------------------------------------------------------------------------------
---------------------------------------------------------------------------------
Start Rebuilding User Hierarchy
---------------------------------------------------------------------------------
---------------------------------------------------------------------------------
Finished Rebuilding User Hierarchy : Time (s): cpu = 00:00:22 ; elapsed = 00:00:22 . Memory (MB): peak = 1242.887 ; gain = 0.000
---------------------------------------------------------------------------------
---------------------------------------------------------------------------------
Start Renaming Generated Ports
---------------------------------------------------------------------------------
---------------------------------------------------------------------------------
Finished Renaming Generated Ports : Time (s): cpu = 00:00:22 ; elapsed = 00:00:22 . Memory (MB): peak = 1242.887 ; gain = 0.000
---------------------------------------------------------------------------------
---------------------------------------------------------------------------------
Start Handling Custom Attributes
---------------------------------------------------------------------------------
---------------------------------------------------------------------------------
Finished Handling Custom Attributes : Time (s): cpu = 00:00:22 ; elapsed = 00:00:22 . Memory (MB): peak = 1242.887 ; gain = 0.000
---------------------------------------------------------------------------------
---------------------------------------------------------------------------------
Start Renaming Generated Nets
---------------------------------------------------------------------------------
---------------------------------------------------------------------------------
Finished Renaming Generated Nets : Time (s): cpu = 00:00:22 ; elapsed = 00:00:22 . Memory (MB): peak = 1242.887 ; gain = 0.000
---------------------------------------------------------------------------------
---------------------------------------------------------------------------------
Start Writing Synthesis Report
---------------------------------------------------------------------------------

Report BlackBoxes: 
+-+--------------+----------+
| |BlackBox name |Instances |
+-+--------------+----------+
+-+--------------+----------+

Report Cell Usage: 
+------+-------+------+
|      |Cell   |Count |
+------+-------+------+
|1     |BUFG   |     1|
|2     |CARRY4 |    12|
|3     |LUT1   |     3|
|4     |LUT2   |    44|
|5     |LUT3   |     3|
|6     |LUT4   |    13|
|7     |LUT5   |    12|
|8     |LUT6   |    24|
|9     |FDCE   |    58|
|10    |FDRE   |    14|
|11    |FDSE   |     4|
|12    |IBUF   |     3|
|13    |OBUF   |    35|
|14    |OBUFT  |    10|
+------+-------+------+
---------------------------------------------------------------------------------
Finished Writing Synthesis Report : Time (s): cpu = 00:00:22 ; elapsed = 00:00:22 . Memory (MB): peak = 1242.887 ; gain = 0.000
---------------------------------------------------------------------------------
Synthesis finished with 0 errors, 0 critical warnings and 40 warnings.
Synthesis Optimization Runtime : Time (s): cpu = 00:00:15 ; elapsed = 00:00:21 . Memory (MB): peak = 1242.887 ; gain = 0.000
Synthesis Optimization Complete : Time (s): cpu = 00:00:22 ; elapsed = 00:00:22 . Memory (MB): peak = 1242.887 ; gain = 0.000
INFO: [Project 1-571] Translating synthesized netlist
Netlist sorting complete. Time (s): cpu = 00:00:00 ; elapsed = 00:00:00.003 . Memory (MB): peak = 1242.887 ; gain = 0.000
INFO: [Netlist 29-17] Analyzing 12 Unisim elements for replacement
INFO: [Netlist 29-28] Unisim Transformation completed in 0 CPU seconds
INFO: [Project 1-570] Preparing netlist for logic optimization
INFO: [Opt 31-138] Pushed 0 inverter(s) to 0 load pin(s).
Netlist sorting complete. Time (s): cpu = 00:00:00 ; elapsed = 00:00:00 . Memory (MB): peak = 1242.887 ; gain = 0.000
INFO: [Project 1-111] Unisim Transformation Summary:
No Unisim elements were transformed.

Synth Design complete, checksum: e437c03f
INFO: [Common 17-83] Releasing license: Synthesis
26 Infos, 86 Warnings, 0 Critical Warnings and 0 Errors encountered.
synth_design completed successfully
synth_design: Time (s): cpu = 00:00:25 ; elapsed = 00:00:26 . Memory (MB): peak = 1242.887 ; gain = 0.000
INFO: [Common 17-1381] The checkpoint 'C:/Users/Rahul/Documents/alchitry/vivado_fpga/au_base_project.runs/synth_1/au_top.dcp' has been generated.
INFO: [runtcl-4] Executing : report_utilization -file au_top_utilization_synth.rpt -pb au_top_utilization_synth.pb
INFO: [Common 17-206] Exiting Vivado at Sun Jan 16 22:33:54 2022...
